2023-02-05 22:17:22,022 - mmcls - INFO - Environment info:
------------------------------------------------------------
sys.platform: win32
Python: 3.8.15 (default, Nov 24 2022, 14:38:14) [MSC v.1916 64 bit (AMD64)]
CUDA available: True
GPU 0: NVIDIA GeForce RTX 3060
CUDA_HOME: C:\Program Files\NVIDIA GPU Computing Toolkit\CUDA\v11.7
NVCC: Cuda compilation tools, release 11.7, V11.7.64
MSVC: 用于 x64 的 Microsoft (R) C/C++ 优化编译器 19.29.30146 版
GCC: n/a
PyTorch: 1.13.1
PyTorch compiling details: PyTorch built with:
  - C++ Version: 199711
  - MSVC 192829337
  - Intel(R) Math Kernel Library Version 2020.0.2 Product Build 20200624 for Intel(R) 64 architecture applications
  - Intel(R) MKL-DNN v2.6.0 (Git Hash 52b5f107dd9cf10910aaa19cb47f3abf9b349815)
  - OpenMP 2019
  - LAPACK is enabled (usually provided by MKL)
  - CPU capability usage: AVX2
  - CUDA Runtime 11.7
  - NVCC architecture flags: -gencode;arch=compute_37,code=sm_37;-gencode;arch=compute_50,code=sm_50;-gencode;arch=compute_60,code=sm_60;-gencode;arch=compute_61,code=sm_61;-gencode;arch=compute_70,code=sm_70;-gencode;arch=compute_75,code=sm_75;-gencode;arch=compute_80,code=sm_80;-gencode;arch=compute_86,code=sm_86;-gencode;arch=compute_37,code=compute_37
  - CuDNN 8.5
  - Magma 2.5.4
  - Build settings: BLAS_INFO=mkl, BUILD_TYPE=Release, CUDA_VERSION=11.7, CUDNN_VERSION=8.5.0, CXX_COMPILER=C:/cb/pytorch_1000000000000/work/tmp_bin/sccache-cl.exe, CXX_FLAGS=/DWIN32 /D_WINDOWS /GR /EHsc /w /bigobj -DUSE_PTHREADPOOL -openmp:experimental -IC:/cb/pytorch_1000000000000/work/mkl/include -DNDEBUG -DUSE_KINETO -DLIBKINETO_NOCUPTI -DUSE_FBGEMM -DUSE_XNNPACK -DSYMBOLICATE_MOBILE_DEBUG_HANDLE -DEDGE_PROFILER_USE_KINETO, LAPACK_INFO=mkl, PERF_WITH_AVX=1, PERF_WITH_AVX2=1, PERF_WITH_AVX512=1, TORCH_VERSION=1.13.1, USE_CUDA=ON, USE_CUDNN=ON, USE_EXCEPTION_PTR=1, USE_GFLAGS=OFF, USE_GLOG=OFF, USE_MKL=ON, USE_MKLDNN=ON, USE_MPI=OFF, USE_NCCL=OFF, USE_NNPACK=OFF, USE_OPENMP=ON, USE_ROCM=OFF, 

TorchVision: 0.14.1
OpenCV: 4.7.0
MMCV: 1.7.1
MMCV Compiler: MSVC 192829924
MMCV CUDA Compiler: 11.7
MMClassification: 0.25.0+3d4f80d
------------------------------------------------------------

2023-02-05 22:17:22,022 - mmcls - INFO - Distributed training: False
2023-02-05 22:17:22,098 - mmcls - INFO - Config:
model = dict(
    type='ImageClassifier',
    backbone=dict(
        type='ResNet',
        depth=18,
        num_stages=4,
        out_indices=(3, ),
        style='pytorch'),
    neck=dict(type='GlobalAveragePooling'),
    head=dict(
        type='LinearClsHead',
        num_classes=5,
        in_channels=512,
        loss=dict(type='CrossEntropyLoss', loss_weight=1.0),
        topk=(1, )))
dataset_type = 'ImageNet'
img_norm_cfg = dict(
    mean=[123.675, 116.28, 103.53], std=[58.395, 57.12, 57.375], to_rgb=True)
train_pipeline = [
    dict(type='LoadImageFromFile'),
    dict(type='RandomResizedCrop', size=224),
    dict(type='RandomFlip', flip_prob=0.5, direction='horizontal'),
    dict(
        type='Normalize',
        mean=[123.675, 116.28, 103.53],
        std=[58.395, 57.12, 57.375],
        to_rgb=True),
    dict(type='ImageToTensor', keys=['img']),
    dict(type='ToTensor', keys=['gt_label']),
    dict(type='Collect', keys=['img', 'gt_label'])
]
test_pipeline = [
    dict(type='LoadImageFromFile'),
    dict(type='Resize', size=(256, -1)),
    dict(type='CenterCrop', crop_size=224),
    dict(
        type='Normalize',
        mean=[123.675, 116.28, 103.53],
        std=[58.395, 57.12, 57.375],
        to_rgb=True),
    dict(type='ImageToTensor', keys=['img']),
    dict(type='Collect', keys=['img'])
]
data = dict(
    samples_per_gpu=32,
    workers_per_gpu=2,
    train=dict(
        type='ImageNet',
        data_prefix='',
        pipeline=[
            dict(type='LoadImageFromFile'),
            dict(type='RandomResizedCrop', size=224),
            dict(type='RandomFlip', flip_prob=0.5, direction='horizontal'),
            dict(
                type='Normalize',
                mean=[123.675, 116.28, 103.53],
                std=[58.395, 57.12, 57.375],
                to_rgb=True),
            dict(type='ImageToTensor', keys=['img']),
            dict(type='ToTensor', keys=['gt_label']),
            dict(type='Collect', keys=['img', 'gt_label'])
        ],
        ann_file='data/flower/train.txt',
        classes='data/flower/classes.txt'),
    val=dict(
        type='ImageNet',
        data_prefix='',
        ann_file='data/flower/val.txt',
        pipeline=[
            dict(type='LoadImageFromFile'),
            dict(type='Resize', size=(256, -1)),
            dict(type='CenterCrop', crop_size=224),
            dict(
                type='Normalize',
                mean=[123.675, 116.28, 103.53],
                std=[58.395, 57.12, 57.375],
                to_rgb=True),
            dict(type='ImageToTensor', keys=['img']),
            dict(type='Collect', keys=['img'])
        ],
        classes='data/flower/classes.txt'),
    test=dict(
        type='ImageNet',
        data_prefix='data/imagenet/val',
        ann_file='data/imagenet/meta/val.txt',
        pipeline=[
            dict(type='LoadImageFromFile'),
            dict(type='Resize', size=(256, -1)),
            dict(type='CenterCrop', crop_size=224),
            dict(
                type='Normalize',
                mean=[123.675, 116.28, 103.53],
                std=[58.395, 57.12, 57.375],
                to_rgb=True),
            dict(type='ImageToTensor', keys=['img']),
            dict(type='Collect', keys=['img'])
        ]))
evaluation = dict(interval=1, metric='accuracy')
checkpoint_config = dict(interval=1)
log_config = dict(interval=100, hooks=[dict(type='TextLoggerHook')])
dist_params = dict(backend='nccl')
log_level = 'INFO'
load_from = 'resnet18_batch256_imagenet_20200708-34ab8f90.pth'
resume_from = None
workflow = [('train', 1)]
optimizer = dict(type='SGD', lr=0.001, momentum=0.9, weight_decay=0.0001)
optimizer_config = dict(grad_clip=None)
lr_config = dict(policy='step', step=[1])
runner = dict(type='EpochBasedRunner', max_epochs=100)
work_dir = 'work/resnet18_b32_flower'
gpu_ids = [0]

2023-02-05 22:17:22,099 - mmcls - INFO - Set random seed to 1692719539, deterministic: False
2023-02-05 22:17:22,397 - mmcls - INFO - load checkpoint from local path: resnet18_batch256_imagenet_20200708-34ab8f90.pth
2023-02-05 22:17:22,427 - mmcls - WARNING - The model and loaded state dict do not match exactly

size mismatch for head.fc.weight: copying a param with shape torch.Size([1000, 512]) from checkpoint, the shape in current model is torch.Size([5, 512]).
size mismatch for head.fc.bias: copying a param with shape torch.Size([1000]) from checkpoint, the shape in current model is torch.Size([5]).
2023-02-05 22:17:22,431 - mmcls - INFO - Start running, host: lling@DESKTOP-GUNHF3O, work_dir: D:\DATA\openlab\mmclassification\work\resnet18_b32_flower
2023-02-05 22:17:22,431 - mmcls - INFO - Hooks will be executed in the following order:
before_run:
(VERY_HIGH   ) StepLrUpdaterHook                  
(NORMAL      ) CheckpointHook                     
(LOW         ) EvalHook                           
(VERY_LOW    ) TextLoggerHook                     
 -------------------- 
before_train_epoch:
(VERY_HIGH   ) StepLrUpdaterHook                  
(LOW         ) IterTimerHook                      
(LOW         ) EvalHook                           
(VERY_LOW    ) TextLoggerHook                     
 -------------------- 
before_train_iter:
(VERY_HIGH   ) StepLrUpdaterHook                  
(LOW         ) IterTimerHook                      
(LOW         ) EvalHook                           
 -------------------- 
after_train_iter:
(ABOVE_NORMAL) OptimizerHook                      
(NORMAL      ) CheckpointHook                     
(LOW         ) IterTimerHook                      
(LOW         ) EvalHook                           
(VERY_LOW    ) TextLoggerHook                     
 -------------------- 
after_train_epoch:
(NORMAL      ) CheckpointHook                     
(LOW         ) EvalHook                           
(VERY_LOW    ) TextLoggerHook                     
 -------------------- 
before_val_epoch:
(LOW         ) IterTimerHook                      
(VERY_LOW    ) TextLoggerHook                     
 -------------------- 
before_val_iter:
(LOW         ) IterTimerHook                      
 -------------------- 
after_val_iter:
(LOW         ) IterTimerHook                      
 -------------------- 
after_val_epoch:
(VERY_LOW    ) TextLoggerHook                     
 -------------------- 
after_run:
(VERY_LOW    ) TextLoggerHook                     
 -------------------- 
2023-02-05 22:17:22,431 - mmcls - INFO - workflow: [('train', 1)], max: 100 epochs
2023-02-05 22:17:22,432 - mmcls - INFO - Checkpoints will be saved to D:\DATA\openlab\mmclassification\work\resnet18_b32_flower by HardDiskBackend.
2023-02-05 22:17:37,462 - mmcls - INFO - Saving checkpoint at 1 epochs
2023-02-05 22:17:43,163 - mmcls - INFO - Epoch(val) [1][18]	accuracy_top-1: 91.6084, accuracy_top-5: 100.0000
2023-02-05 22:17:50,702 - mmcls - INFO - Saving checkpoint at 2 epochs
2023-02-05 22:17:51,568 - mmcls - INFO - Epoch(val) [2][18]	accuracy_top-1: 92.8322, accuracy_top-5: 100.0000
2023-02-05 22:17:59,114 - mmcls - INFO - Saving checkpoint at 3 epochs
2023-02-05 22:17:59,981 - mmcls - INFO - Epoch(val) [3][18]	accuracy_top-1: 93.5315, accuracy_top-5: 100.0000
2023-02-05 22:18:07,543 - mmcls - INFO - Saving checkpoint at 4 epochs
2023-02-05 22:18:08,471 - mmcls - INFO - Epoch(val) [4][18]	accuracy_top-1: 93.0070, accuracy_top-5: 100.0000
2023-02-05 22:18:15,992 - mmcls - INFO - Saving checkpoint at 5 epochs
2023-02-05 22:18:16,892 - mmcls - INFO - Epoch(val) [5][18]	accuracy_top-1: 93.3566, accuracy_top-5: 100.0000
2023-02-05 22:18:24,394 - mmcls - INFO - Saving checkpoint at 6 epochs
2023-02-05 22:18:25,316 - mmcls - INFO - Epoch(val) [6][18]	accuracy_top-1: 93.1818, accuracy_top-5: 100.0000
2023-02-05 22:18:32,814 - mmcls - INFO - Saving checkpoint at 7 epochs
2023-02-05 22:18:33,749 - mmcls - INFO - Epoch(val) [7][18]	accuracy_top-1: 93.5315, accuracy_top-5: 100.0000
2023-02-05 22:18:41,226 - mmcls - INFO - Saving checkpoint at 8 epochs
2023-02-05 22:18:42,117 - mmcls - INFO - Epoch(val) [8][18]	accuracy_top-1: 93.7063, accuracy_top-5: 100.0000
2023-02-05 22:18:49,557 - mmcls - INFO - Saving checkpoint at 9 epochs
2023-02-05 22:18:50,498 - mmcls - INFO - Epoch(val) [9][18]	accuracy_top-1: 94.0559, accuracy_top-5: 100.0000
2023-02-05 22:18:57,942 - mmcls - INFO - Saving checkpoint at 10 epochs
2023-02-05 22:18:58,838 - mmcls - INFO - Epoch(val) [10][18]	accuracy_top-1: 93.8811, accuracy_top-5: 100.0000
2023-02-05 22:19:06,311 - mmcls - INFO - Saving checkpoint at 11 epochs
2023-02-05 22:19:07,183 - mmcls - INFO - Epoch(val) [11][18]	accuracy_top-1: 93.7063, accuracy_top-5: 100.0000
2023-02-05 22:19:14,592 - mmcls - INFO - Saving checkpoint at 12 epochs
2023-02-05 22:19:15,505 - mmcls - INFO - Epoch(val) [12][18]	accuracy_top-1: 94.2308, accuracy_top-5: 100.0000
2023-02-05 22:19:22,995 - mmcls - INFO - Saving checkpoint at 13 epochs
2023-02-05 22:19:23,861 - mmcls - INFO - Epoch(val) [13][18]	accuracy_top-1: 94.0559, accuracy_top-5: 100.0000
2023-02-05 22:19:31,323 - mmcls - INFO - Saving checkpoint at 14 epochs
2023-02-05 22:19:32,260 - mmcls - INFO - Epoch(val) [14][18]	accuracy_top-1: 93.5315, accuracy_top-5: 100.0000
2023-02-05 22:19:39,720 - mmcls - INFO - Saving checkpoint at 15 epochs
2023-02-05 22:19:40,598 - mmcls - INFO - Epoch(val) [15][18]	accuracy_top-1: 94.2308, accuracy_top-5: 100.0000
2023-02-05 22:19:48,065 - mmcls - INFO - Saving checkpoint at 16 epochs
2023-02-05 22:19:48,927 - mmcls - INFO - Epoch(val) [16][18]	accuracy_top-1: 94.4056, accuracy_top-5: 100.0000
2023-02-05 22:19:56,357 - mmcls - INFO - Saving checkpoint at 17 epochs
2023-02-05 22:19:57,287 - mmcls - INFO - Epoch(val) [17][18]	accuracy_top-1: 94.0559, accuracy_top-5: 100.0000
2023-02-05 22:20:04,728 - mmcls - INFO - Saving checkpoint at 18 epochs
2023-02-05 22:20:05,611 - mmcls - INFO - Epoch(val) [18][18]	accuracy_top-1: 94.7552, accuracy_top-5: 100.0000
2023-02-05 22:20:13,086 - mmcls - INFO - Saving checkpoint at 19 epochs
2023-02-05 22:20:13,945 - mmcls - INFO - Epoch(val) [19][18]	accuracy_top-1: 94.5804, accuracy_top-5: 100.0000
2023-02-05 22:20:21,360 - mmcls - INFO - Saving checkpoint at 20 epochs
2023-02-05 22:20:22,232 - mmcls - INFO - Epoch(val) [20][18]	accuracy_top-1: 94.4056, accuracy_top-5: 100.0000
2023-02-05 22:20:29,708 - mmcls - INFO - Saving checkpoint at 21 epochs
2023-02-05 22:20:30,653 - mmcls - INFO - Epoch(val) [21][18]	accuracy_top-1: 94.9301, accuracy_top-5: 100.0000
2023-02-05 22:20:38,110 - mmcls - INFO - Saving checkpoint at 22 epochs
2023-02-05 22:20:38,974 - mmcls - INFO - Epoch(val) [22][18]	accuracy_top-1: 94.2308, accuracy_top-5: 100.0000
2023-02-05 22:20:46,358 - mmcls - INFO - Saving checkpoint at 23 epochs
2023-02-05 22:20:47,219 - mmcls - INFO - Epoch(val) [23][18]	accuracy_top-1: 94.4056, accuracy_top-5: 100.0000
2023-02-05 22:20:54,693 - mmcls - INFO - Saving checkpoint at 24 epochs
2023-02-05 22:20:55,549 - mmcls - INFO - Epoch(val) [24][18]	accuracy_top-1: 94.0559, accuracy_top-5: 100.0000
2023-02-05 22:21:02,950 - mmcls - INFO - Saving checkpoint at 25 epochs
2023-02-05 22:21:03,816 - mmcls - INFO - Epoch(val) [25][18]	accuracy_top-1: 94.9301, accuracy_top-5: 100.0000
2023-02-05 22:21:11,297 - mmcls - INFO - Saving checkpoint at 26 epochs
2023-02-05 22:21:12,212 - mmcls - INFO - Epoch(val) [26][18]	accuracy_top-1: 94.9301, accuracy_top-5: 100.0000
2023-02-05 22:21:19,685 - mmcls - INFO - Saving checkpoint at 27 epochs
2023-02-05 22:21:20,541 - mmcls - INFO - Epoch(val) [27][18]	accuracy_top-1: 95.2797, accuracy_top-5: 100.0000
2023-02-05 22:21:27,947 - mmcls - INFO - Saving checkpoint at 28 epochs
2023-02-05 22:21:28,793 - mmcls - INFO - Epoch(val) [28][18]	accuracy_top-1: 95.4545, accuracy_top-5: 100.0000
2023-02-05 22:21:36,272 - mmcls - INFO - Saving checkpoint at 29 epochs
2023-02-05 22:21:37,121 - mmcls - INFO - Epoch(val) [29][18]	accuracy_top-1: 94.2308, accuracy_top-5: 100.0000
2023-02-05 22:21:44,554 - mmcls - INFO - Saving checkpoint at 30 epochs
2023-02-05 22:21:45,401 - mmcls - INFO - Epoch(val) [30][18]	accuracy_top-1: 93.8811, accuracy_top-5: 100.0000
2023-02-05 22:21:52,882 - mmcls - INFO - Saving checkpoint at 31 epochs
2023-02-05 22:21:53,745 - mmcls - INFO - Epoch(val) [31][18]	accuracy_top-1: 94.4056, accuracy_top-5: 100.0000
2023-02-05 22:22:01,223 - mmcls - INFO - Saving checkpoint at 32 epochs
2023-02-05 22:22:02,079 - mmcls - INFO - Epoch(val) [32][18]	accuracy_top-1: 94.9301, accuracy_top-5: 100.0000
2023-02-05 22:22:09,520 - mmcls - INFO - Saving checkpoint at 33 epochs
2023-02-05 22:22:10,373 - mmcls - INFO - Epoch(val) [33][18]	accuracy_top-1: 95.2797, accuracy_top-5: 100.0000
2023-02-05 22:22:17,848 - mmcls - INFO - Saving checkpoint at 34 epochs
2023-02-05 22:22:18,742 - mmcls - INFO - Epoch(val) [34][18]	accuracy_top-1: 95.1049, accuracy_top-5: 100.0000
2023-02-05 22:22:26,230 - mmcls - INFO - Saving checkpoint at 35 epochs
2023-02-05 22:22:27,084 - mmcls - INFO - Epoch(val) [35][18]	accuracy_top-1: 94.9301, accuracy_top-5: 100.0000
2023-02-05 22:22:34,516 - mmcls - INFO - Saving checkpoint at 36 epochs
2023-02-05 22:22:35,365 - mmcls - INFO - Epoch(val) [36][18]	accuracy_top-1: 94.0559, accuracy_top-5: 100.0000
2023-02-05 22:22:42,852 - mmcls - INFO - Saving checkpoint at 37 epochs
2023-02-05 22:22:43,773 - mmcls - INFO - Epoch(val) [37][18]	accuracy_top-1: 94.5804, accuracy_top-5: 100.0000
2023-02-05 22:22:51,268 - mmcls - INFO - Saving checkpoint at 38 epochs
2023-02-05 22:22:52,112 - mmcls - INFO - Epoch(val) [38][18]	accuracy_top-1: 95.1049, accuracy_top-5: 100.0000
2023-02-05 22:22:59,573 - mmcls - INFO - Saving checkpoint at 39 epochs
2023-02-05 22:23:00,438 - mmcls - INFO - Epoch(val) [39][18]	accuracy_top-1: 94.9301, accuracy_top-5: 100.0000
2023-02-05 22:23:07,882 - mmcls - INFO - Saving checkpoint at 40 epochs
2023-02-05 22:23:08,791 - mmcls - INFO - Epoch(val) [40][18]	accuracy_top-1: 95.2797, accuracy_top-5: 100.0000
2023-02-05 22:23:16,255 - mmcls - INFO - Saving checkpoint at 41 epochs
2023-02-05 22:23:17,095 - mmcls - INFO - Epoch(val) [41][18]	accuracy_top-1: 95.1049, accuracy_top-5: 100.0000
2023-02-05 22:23:24,508 - mmcls - INFO - Saving checkpoint at 42 epochs
2023-02-05 22:23:25,416 - mmcls - INFO - Epoch(val) [42][18]	accuracy_top-1: 94.9301, accuracy_top-5: 100.0000
2023-02-05 22:23:32,875 - mmcls - INFO - Saving checkpoint at 43 epochs
2023-02-05 22:23:33,780 - mmcls - INFO - Epoch(val) [43][18]	accuracy_top-1: 94.5804, accuracy_top-5: 100.0000
2023-02-05 22:23:41,257 - mmcls - INFO - Saving checkpoint at 44 epochs
2023-02-05 22:23:42,142 - mmcls - INFO - Epoch(val) [44][18]	accuracy_top-1: 95.2797, accuracy_top-5: 100.0000
2023-02-05 22:23:49,620 - mmcls - INFO - Saving checkpoint at 45 epochs
2023-02-05 22:23:50,462 - mmcls - INFO - Epoch(val) [45][18]	accuracy_top-1: 94.9301, accuracy_top-5: 100.0000
2023-02-05 22:23:57,900 - mmcls - INFO - Saving checkpoint at 46 epochs
2023-02-05 22:23:58,760 - mmcls - INFO - Epoch(val) [46][18]	accuracy_top-1: 95.4545, accuracy_top-5: 100.0000
2023-02-05 22:24:06,248 - mmcls - INFO - Saving checkpoint at 47 epochs
2023-02-05 22:24:07,098 - mmcls - INFO - Epoch(val) [47][18]	accuracy_top-1: 95.1049, accuracy_top-5: 100.0000
2023-02-05 22:24:14,517 - mmcls - INFO - Saving checkpoint at 48 epochs
2023-02-05 22:24:15,387 - mmcls - INFO - Epoch(val) [48][18]	accuracy_top-1: 94.0559, accuracy_top-5: 100.0000
2023-02-05 22:24:22,862 - mmcls - INFO - Saving checkpoint at 49 epochs
2023-02-05 22:24:23,693 - mmcls - INFO - Epoch(val) [49][18]	accuracy_top-1: 95.4545, accuracy_top-5: 100.0000
2023-02-05 22:24:31,097 - mmcls - INFO - Saving checkpoint at 50 epochs
2023-02-05 22:24:31,978 - mmcls - INFO - Epoch(val) [50][18]	accuracy_top-1: 95.1049, accuracy_top-5: 100.0000
2023-02-05 22:24:39,460 - mmcls - INFO - Saving checkpoint at 51 epochs
2023-02-05 22:24:40,372 - mmcls - INFO - Epoch(val) [51][18]	accuracy_top-1: 95.2797, accuracy_top-5: 100.0000
2023-02-05 22:24:47,823 - mmcls - INFO - Saving checkpoint at 52 epochs
2023-02-05 22:24:48,713 - mmcls - INFO - Epoch(val) [52][18]	accuracy_top-1: 94.9301, accuracy_top-5: 100.0000
2023-02-05 22:24:56,317 - mmcls - INFO - Saving checkpoint at 53 epochs
2023-02-05 22:24:57,190 - mmcls - INFO - Epoch(val) [53][18]	accuracy_top-1: 94.9301, accuracy_top-5: 100.0000
2023-02-05 22:25:04,725 - mmcls - INFO - Saving checkpoint at 54 epochs
2023-02-05 22:25:05,631 - mmcls - INFO - Epoch(val) [54][18]	accuracy_top-1: 95.1049, accuracy_top-5: 100.0000
2023-02-05 22:25:13,204 - mmcls - INFO - Saving checkpoint at 55 epochs
2023-02-05 22:25:14,089 - mmcls - INFO - Epoch(val) [55][18]	accuracy_top-1: 95.1049, accuracy_top-5: 100.0000
2023-02-05 22:25:21,554 - mmcls - INFO - Saving checkpoint at 56 epochs
2023-02-05 22:25:29,567 - mmcls - INFO - Epoch(val) [56][18]	accuracy_top-1: 95.1049, accuracy_top-5: 100.0000
2023-02-05 22:25:37,187 - mmcls - INFO - Saving checkpoint at 57 epochs
2023-02-05 22:25:38,042 - mmcls - INFO - Epoch(val) [57][18]	accuracy_top-1: 95.2797, accuracy_top-5: 100.0000
2023-02-05 22:25:45,459 - mmcls - INFO - Saving checkpoint at 58 epochs
2023-02-05 22:25:46,313 - mmcls - INFO - Epoch(val) [58][18]	accuracy_top-1: 95.1049, accuracy_top-5: 100.0000
2023-02-05 22:25:53,801 - mmcls - INFO - Saving checkpoint at 59 epochs
2023-02-05 22:25:54,704 - mmcls - INFO - Epoch(val) [59][18]	accuracy_top-1: 95.4545, accuracy_top-5: 100.0000
2023-02-05 22:26:02,209 - mmcls - INFO - Saving checkpoint at 60 epochs
2023-02-05 22:26:03,121 - mmcls - INFO - Epoch(val) [60][18]	accuracy_top-1: 94.9301, accuracy_top-5: 100.0000
2023-02-05 22:26:10,626 - mmcls - INFO - Saving checkpoint at 61 epochs
2023-02-05 22:26:11,483 - mmcls - INFO - Epoch(val) [61][18]	accuracy_top-1: 95.2797, accuracy_top-5: 100.0000
2023-02-05 22:26:18,985 - mmcls - INFO - Saving checkpoint at 62 epochs
2023-02-05 22:26:19,878 - mmcls - INFO - Epoch(val) [62][18]	accuracy_top-1: 95.4545, accuracy_top-5: 100.0000
2023-02-05 22:26:27,557 - mmcls - INFO - Saving checkpoint at 63 epochs
2023-02-05 22:26:28,414 - mmcls - INFO - Epoch(val) [63][18]	accuracy_top-1: 95.1049, accuracy_top-5: 100.0000
2023-02-05 22:26:35,899 - mmcls - INFO - Saving checkpoint at 64 epochs
2023-02-05 22:26:36,819 - mmcls - INFO - Epoch(val) [64][18]	accuracy_top-1: 95.2797, accuracy_top-5: 100.0000
2023-02-05 22:26:44,390 - mmcls - INFO - Saving checkpoint at 65 epochs
2023-02-05 22:26:45,281 - mmcls - INFO - Epoch(val) [65][18]	accuracy_top-1: 95.4545, accuracy_top-5: 100.0000
2023-02-05 22:26:52,760 - mmcls - INFO - Saving checkpoint at 66 epochs
2023-02-05 22:26:53,689 - mmcls - INFO - Epoch(val) [66][18]	accuracy_top-1: 95.6294, accuracy_top-5: 100.0000
2023-02-05 22:27:01,180 - mmcls - INFO - Saving checkpoint at 67 epochs
2023-02-05 22:27:02,079 - mmcls - INFO - Epoch(val) [67][18]	accuracy_top-1: 95.4545, accuracy_top-5: 100.0000
2023-02-05 22:27:09,575 - mmcls - INFO - Saving checkpoint at 68 epochs
2023-02-05 22:27:10,455 - mmcls - INFO - Epoch(val) [68][18]	accuracy_top-1: 95.2797, accuracy_top-5: 100.0000
2023-02-05 22:27:17,867 - mmcls - INFO - Saving checkpoint at 69 epochs
2023-02-05 22:27:18,764 - mmcls - INFO - Epoch(val) [69][18]	accuracy_top-1: 95.1049, accuracy_top-5: 100.0000
2023-02-05 22:27:26,214 - mmcls - INFO - Saving checkpoint at 70 epochs
2023-02-05 22:27:27,128 - mmcls - INFO - Epoch(val) [70][18]	accuracy_top-1: 95.2797, accuracy_top-5: 100.0000
2023-02-05 22:27:34,603 - mmcls - INFO - Saving checkpoint at 71 epochs
2023-02-05 22:27:35,508 - mmcls - INFO - Epoch(val) [71][18]	accuracy_top-1: 95.4545, accuracy_top-5: 100.0000
2023-02-05 22:27:42,984 - mmcls - INFO - Saving checkpoint at 72 epochs
2023-02-05 22:27:43,894 - mmcls - INFO - Epoch(val) [72][18]	accuracy_top-1: 95.6294, accuracy_top-5: 100.0000
2023-02-05 22:27:51,383 - mmcls - INFO - Saving checkpoint at 73 epochs
2023-02-05 22:27:52,286 - mmcls - INFO - Epoch(val) [73][18]	accuracy_top-1: 95.6294, accuracy_top-5: 100.0000
2023-02-05 22:27:59,776 - mmcls - INFO - Saving checkpoint at 74 epochs
2023-02-05 22:28:00,675 - mmcls - INFO - Epoch(val) [74][18]	accuracy_top-1: 95.9790, accuracy_top-5: 100.0000
2023-02-05 22:28:08,170 - mmcls - INFO - Saving checkpoint at 75 epochs
2023-02-05 22:28:09,059 - mmcls - INFO - Epoch(val) [75][18]	accuracy_top-1: 95.6294, accuracy_top-5: 100.0000
2023-02-05 22:28:16,543 - mmcls - INFO - Saving checkpoint at 76 epochs
2023-02-05 22:28:17,457 - mmcls - INFO - Epoch(val) [76][18]	accuracy_top-1: 95.9790, accuracy_top-5: 100.0000
2023-02-05 22:28:24,930 - mmcls - INFO - Saving checkpoint at 77 epochs
2023-02-05 22:28:25,833 - mmcls - INFO - Epoch(val) [77][18]	accuracy_top-1: 95.6294, accuracy_top-5: 100.0000
2023-02-05 22:28:33,503 - mmcls - INFO - Saving checkpoint at 78 epochs
2023-02-05 22:28:34,398 - mmcls - INFO - Epoch(val) [78][18]	accuracy_top-1: 95.6294, accuracy_top-5: 100.0000
2023-02-05 22:28:41,949 - mmcls - INFO - Saving checkpoint at 79 epochs
2023-02-05 22:28:42,836 - mmcls - INFO - Epoch(val) [79][18]	accuracy_top-1: 95.9790, accuracy_top-5: 100.0000
2023-02-05 22:28:50,407 - mmcls - INFO - Saving checkpoint at 80 epochs
2023-02-05 22:28:51,271 - mmcls - INFO - Epoch(val) [80][18]	accuracy_top-1: 96.3287, accuracy_top-5: 100.0000
2023-02-05 22:28:58,903 - mmcls - INFO - Saving checkpoint at 81 epochs
2023-02-05 22:28:59,781 - mmcls - INFO - Epoch(val) [81][18]	accuracy_top-1: 95.8042, accuracy_top-5: 100.0000
2023-02-05 22:29:07,418 - mmcls - INFO - Saving checkpoint at 82 epochs
2023-02-05 22:29:08,288 - mmcls - INFO - Epoch(val) [82][18]	accuracy_top-1: 95.6294, accuracy_top-5: 100.0000
2023-02-05 22:29:15,746 - mmcls - INFO - Saving checkpoint at 83 epochs
2023-02-05 22:29:16,679 - mmcls - INFO - Epoch(val) [83][18]	accuracy_top-1: 95.4545, accuracy_top-5: 100.0000
2023-02-05 22:29:24,206 - mmcls - INFO - Saving checkpoint at 84 epochs
2023-02-05 22:29:25,086 - mmcls - INFO - Epoch(val) [84][18]	accuracy_top-1: 95.6294, accuracy_top-5: 100.0000
